Running main() from /home/parallels/autograder/csci-366-fall2022/grading/scripts/repos/austin_coop/c/lmsm/googletest/lib/googletest/src/gtest_main.cc
[==========] Running 39 tests from 1 test suite.
[----------] Global test environment set-up.
[----------] 39 tests from lmsm_machine_suite
[ RUN      ] lmsm_machine_suite.test_add_instruction_works
[       OK ] lmsm_machine_suite.test_add_instruction_works (0 ms)
[ RUN      ] lmsm_machine_suite.test_add_instruction_properly_caps_values
/home/parallels/autograder/csci-366-fall2022/grading/scripts/repos/austin_coop/c/lmsm/googletest/lmsm.cpp:20: Failure
Expected equality of these values:
  the_machine->accumulator->value
    Which is: 1005
  999
[  FAILED  ] lmsm_machine_suite.test_add_instruction_properly_caps_values (0 ms)
[ RUN      ] lmsm_machine_suite.test_sub_instruction_works
/home/parallels/autograder/csci-366-fall2022/grading/scripts/repos/austin_coop/c/lmsm/googletest/lmsm.cpp:29: Failure
Expected equality of these values:
  the_machine->accumulator->value
    Which is: 20
  10
[  FAILED  ] lmsm_machine_suite.test_sub_instruction_works (0 ms)
[ RUN      ] lmsm_machine_suite.test_sub_instruction_properly_caps_values
/home/parallels/autograder/csci-366-fall2022/grading/scripts/repos/austin_coop/c/lmsm/googletest/lmsm.cpp:38: Failure
Expected equality of these values:
  the_machine->accumulator->value
    Which is: -995
  -999
[  FAILED  ] lmsm_machine_suite.test_sub_instruction_properly_caps_values (0 ms)
[ RUN      ] lmsm_machine_suite.test_store_instruction_works
/home/parallels/autograder/csci-366-fall2022/grading/scripts/repos/austin_coop/c/lmsm/googletest/lmsm.cpp:46: Failure
Expected equality of these values:
  the_machine->memory[0]
    Which is: 0
  10
[  FAILED  ] lmsm_machine_suite.test_store_instruction_works (0 ms)
[ RUN      ] lmsm_machine_suite.test_load_instruction_works
/home/parallels/autograder/csci-366-fall2022/grading/scripts/repos/austin_coop/c/lmsm/googletest/lmsm.cpp:55: Failure
Expected equality of these values:
  the_machine->accumulator->value
    Which is: 0
  10
[  FAILED  ] lmsm_machine_suite.test_load_instruction_works (0 ms)
[ RUN      ] lmsm_machine_suite.test_branch_instruction_works
/home/parallels/autograder/csci-366-fall2022/grading/scripts/repos/austin_coop/c/lmsm/googletest/lmsm.cpp:63: Failure
Expected equality of these values:
  the_machine->program_counter
    Which is: 0
  20
[  FAILED  ] lmsm_machine_suite.test_branch_instruction_works (0 ms)
[ RUN      ] lmsm_machine_suite.test_branch_if_zero_instruction_works_when_val_zero
/home/parallels/autograder/csci-366-fall2022/grading/scripts/repos/austin_coop/c/lmsm/googletest/lmsm.cpp:72: Failure
Expected equality of these values:
  the_machine->program_counter
    Which is: 0
  20
[  FAILED  ] lmsm_machine_suite.test_branch_if_zero_instruction_works_when_val_zero (0 ms)
[ RUN      ] lmsm_machine_suite.test_branch_if_zero_instruction_works_when_val_not_zero
[       OK ] lmsm_machine_suite.test_branch_if_zero_instruction_works_when_val_not_zero (0 ms)
[ RUN      ] lmsm_machine_suite.test_branch_if_positive_instruction_works_when_val_zero
/home/parallels/autograder/csci-366-fall2022/grading/scripts/repos/austin_coop/c/lmsm/googletest/lmsm.cpp:90: Failure
Expected equality of these values:
  the_machine->program_counter
    Which is: 0
  20
[  FAILED  ] lmsm_machine_suite.test_branch_if_positive_instruction_works_when_val_zero (0 ms)
[ RUN      ] lmsm_machine_suite.test_branch_if_positive_instruction_works_when_val_positive
/home/parallels/autograder/csci-366-fall2022/grading/scripts/repos/austin_coop/c/lmsm/googletest/lmsm.cpp:99: Failure
Expected equality of these values:
  the_machine->program_counter
    Which is: 0
  20
[  FAILED  ] lmsm_machine_suite.test_branch_if_positive_instruction_works_when_val_positive (0 ms)
[ RUN      ] lmsm_machine_suite.test_branch_if_positive_instruction_works_when_val_not_positive
[       OK ] lmsm_machine_suite.test_branch_if_positive_instruction_works_when_val_not_positive (0 ms)
[ RUN      ] lmsm_machine_suite.test_output_instruction
/home/parallels/autograder/csci-366-fall2022/grading/scripts/repos/austin_coop/c/lmsm/googletest/lmsm.cpp:117: Failure
Expected equality of these values:
  the_machine->output_buffer
    Which is: ""
  "10 10 "
[  FAILED  ] lmsm_machine_suite.test_output_instruction (0 ms)
[ RUN      ] lmsm_machine_suite.test_halt_instruction
/home/parallels/autograder/csci-366-fall2022/grading/scripts/repos/austin_coop/c/lmsm/googletest/lmsm.cpp:126: Failure
Expected equality of these values:
  the_machine->status
    Which is: 2
  machine_status::STATUS_HALTED
    Which is: 1
[  FAILED  ] lmsm_machine_suite.test_halt_instruction (0 ms)
[ RUN      ] lmsm_machine_suite.test_load_immediate_instruction
/home/parallels/autograder/csci-366-fall2022/grading/scripts/repos/austin_coop/c/lmsm/googletest/lmsm.cpp:134: Failure
Expected equality of these values:
  the_machine->accumulator->value
    Which is: 0
  99
[  FAILED  ] lmsm_machine_suite.test_load_immediate_instruction (0 ms)
[ RUN      ] lmsm_machine_suite.test_push_instruction
/home/parallels/autograder/csci-366-fall2022/grading/scripts/repos/austin_coop/c/lmsm/googletest/lmsm.cpp:142: Failure
Expected equality of these values:
  the_machine->accumulator->value
    Which is: 10
  0
[  FAILED  ] lmsm_machine_suite.test_push_instruction (0 ms)
[ RUN      ] lmsm_machine_suite.test_pop_instruction_removes_top_of_stack
/home/parallels/autograder/csci-366-fall2022/grading/scripts/repos/austin_coop/c/lmsm/googletest/lmsm.cpp:151: Failure
Expected equality of these values:
  the_machine->accumulator->value
    Which is: 10
  0
[  FAILED  ] lmsm_machine_suite.test_pop_instruction_removes_top_of_stack (0 ms)
[ RUN      ] lmsm_machine_suite.test_pop_instruction_enters_error_state_if_nothing_to_pop
/home/parallels/autograder/csci-366-fall2022/grading/scripts/repos/austin_coop/c/lmsm/googletest/lmsm.cpp:165: Failure
Expected equality of these values:
  the_machine->error_code
    Which is: 3
  error_code::ERROR_EMPTY_STACK
    Which is: 1
[  FAILED  ] lmsm_machine_suite.test_pop_instruction_enters_error_state_if_nothing_to_pop (0 ms)
[ RUN      ] lmsm_machine_suite.test_dup_instruction_duplicates_top_of_stack
/home/parallels/autograder/csci-366-fall2022/grading/scripts/repos/austin_coop/c/lmsm/googletest/lmsm.cpp:174: Failure
Value of: the_machine->accumulator->next == NULL
  Actual: true
Expected: false
[  FAILED  ] lmsm_machine_suite.test_dup_instruction_duplicates_top_of_stack (0 ms)
[ RUN      ] lmsm_machine_suite.test_sadd_instruction_adds_the_values_on_the_stack
/home/parallels/autograder/csci-366-fall2022/grading/scripts/repos/austin_coop/c/lmsm/googletest/lmsm.cpp:184: Failure
Expected equality of these values:
  the_machine->accumulator->value
    Which is: 10
  20
[  FAILED  ] lmsm_machine_suite.test_sadd_instruction_adds_the_values_on_the_stack (0 ms)
[ RUN      ] lmsm_machine_suite.test_sadd_instruction_properly_caps_values
/home/parallels/autograder/csci-366-fall2022/grading/scripts/repos/austin_coop/c/lmsm/googletest/lmsm.cpp:194: Failure
Expected equality of these values:
  the_machine->accumulator->value
    Which is: 500
  999
[  FAILED  ] lmsm_machine_suite.test_sadd_instruction_properly_caps_values (1 ms)
[ RUN      ] lmsm_machine_suite.test_sadd_instruction_enters_error_state_if_not_enough_elts
/home/parallels/autograder/csci-366-fall2022/grading/scripts/repos/austin_coop/c/lmsm/googletest/lmsm.cpp:204: Failure
Expected equality of these values:
  the_machine->error_code
    Which is: 3
  error_code::ERROR_EMPTY_STACK
    Which is: 1
[  FAILED  ] lmsm_machine_suite.test_sadd_instruction_enters_error_state_if_not_enough_elts (0 ms)
[ RUN      ] lmsm_machine_suite.test_ssub_instruction_subtracts_the_values_on_the_stack
/home/parallels/autograder/csci-366-fall2022/grading/scripts/repos/austin_coop/c/lmsm/googletest/lmsm.cpp:213: Failure
Expected equality of these values:
  the_machine->accumulator->value
    Which is: 10
  0
[  FAILED  ] lmsm_machine_suite.test_ssub_instruction_subtracts_the_values_on_the_stack (0 ms)
[ RUN      ] lmsm_machine_suite.test_ssub_instruction_properly_caps_values
/home/parallels/autograder/csci-366-fall2022/grading/scripts/repos/austin_coop/c/lmsm/googletest/lmsm.cpp:224: Failure
Expected equality of these values:
  the_machine->accumulator->value
    Which is: 500
  -999
[  FAILED  ] lmsm_machine_suite.test_ssub_instruction_properly_caps_values (0 ms)
[ RUN      ] lmsm_machine_suite.test_ssub_instruction_subtracts_the_values_on_the_stack_in_the_right_order
/home/parallels/autograder/csci-366-fall2022/grading/scripts/repos/austin_coop/c/lmsm/googletest/lmsm.cpp:235: Failure
Expected equality of these values:
  the_machine->accumulator->value
    Which is: 20
  -10
[  FAILED  ] lmsm_machine_suite.test_ssub_instruction_subtracts_the_values_on_the_stack_in_the_right_order (0 ms)
[ RUN      ] lmsm_machine_suite.test_ssub_instruction_enters_error_state_if_not_enough_elts
/home/parallels/autograder/csci-366-fall2022/grading/scripts/repos/austin_coop/c/lmsm/googletest/lmsm.cpp:245: Failure
Expected equality of these values:
  the_machine->error_code
    Which is: 3
  error_code::ERROR_EMPTY_STACK
    Which is: 1
[  FAILED  ] lmsm_machine_suite.test_ssub_instruction_enters_error_state_if_not_enough_elts (0 ms)
[ RUN      ] lmsm_machine_suite.test_smax_instruction_sets_max_val_on_stack
[       OK ] lmsm_machine_suite.test_smax_instruction_sets_max_val_on_stack (0 ms)
[ RUN      ] lmsm_machine_suite.test_smax_instruction_enters_error_state_if_not_enough_elts
/home/parallels/autograder/csci-366-fall2022/grading/scripts/repos/austin_coop/c/lmsm/googletest/lmsm.cpp:265: Failure
Expected equality of these values:
  the_machine->error_code
    Which is: 3
  error_code::ERROR_EMPTY_STACK
    Which is: 1
[  FAILED  ] lmsm_machine_suite.test_smax_instruction_enters_error_state_if_not_enough_elts (0 ms)
[ RUN      ] lmsm_machine_suite.test_smin_instruction_sets_min_val_on_stack
/home/parallels/autograder/csci-366-fall2022/grading/scripts/repos/austin_coop/c/lmsm/googletest/lmsm.cpp:275: Failure
Expected equality of these values:
  the_machine->accumulator->value
    Which is: 20
  10
[  FAILED  ] lmsm_machine_suite.test_smin_instruction_sets_min_val_on_stack (0 ms)
[ RUN      ] lmsm_machine_suite.test_smin_instruction_enters_error_state_if_not_enough_elts
/home/parallels/autograder/csci-366-fall2022/grading/scripts/repos/austin_coop/c/lmsm/googletest/lmsm.cpp:285: Failure
Expected equality of these values:
  the_machine->error_code
    Which is: 3
  error_code::ERROR_EMPTY_STACK
    Which is: 1
[  FAILED  ] lmsm_machine_suite.test_smin_instruction_enters_error_state_if_not_enough_elts (0 ms)
[ RUN      ] lmsm_machine_suite.test_smul_instruction_multiplies_the_values_on_the_stack
/home/parallels/autograder/csci-366-fall2022/grading/scripts/repos/austin_coop/c/lmsm/googletest/lmsm.cpp:295: Failure
Expected equality of these values:
  the_machine->accumulator->value
    Which is: 20
  200
[  FAILED  ] lmsm_machine_suite.test_smul_instruction_multiplies_the_values_on_the_stack (0 ms)
[ RUN      ] lmsm_machine_suite.test_smul_instruction_properly_caps_values
/home/parallels/autograder/csci-366-fall2022/grading/scripts/repos/austin_coop/c/lmsm/googletest/lmsm.cpp:306: Failure
Expected equality of these values:
  the_machine->accumulator->value
    Which is: 20
  999
[  FAILED  ] lmsm_machine_suite.test_smul_instruction_properly_caps_values (0 ms)
[ RUN      ] lmsm_machine_suite.test_smul_instruction_enters_error_state_if_not_enough_elts
/home/parallels/autograder/csci-366-fall2022/grading/scripts/repos/austin_coop/c/lmsm/googletest/lmsm.cpp:316: Failure
Expected equality of these values:
  the_machine->error_code
    Which is: 3
  error_code::ERROR_EMPTY_STACK
    Which is: 1
[  FAILED  ] lmsm_machine_suite.test_smul_instruction_enters_error_state_if_not_enough_elts (0 ms)
[ RUN      ] lmsm_machine_suite.test_sdiv_instruction_divides_the_values_on_the_stack
/home/parallels/autograder/csci-366-fall2022/grading/scripts/repos/austin_coop/c/lmsm/googletest/lmsm.cpp:326: Failure
Expected equality of these values:
  the_machine->accumulator->value
    Which is: 10
  2
[  FAILED  ] lmsm_machine_suite.test_sdiv_instruction_divides_the_values_on_the_stack (0 ms)
[ RUN      ] lmsm_machine_suite.test_sdiv_instruction_enters_error_state_if_not_enough_elts
/home/parallels/autograder/csci-366-fall2022/grading/scripts/repos/austin_coop/c/lmsm/googletest/lmsm.cpp:336: Failure
Expected equality of these values:
  the_machine->error_code
    Which is: 3
  error_code::ERROR_EMPTY_STACK
    Which is: 1
[  FAILED  ] lmsm_machine_suite.test_sdiv_instruction_enters_error_state_if_not_enough_elts (0 ms)
[ RUN      ] lmsm_machine_suite.test_call_instruction_pushes_next_address_onto_stack
/home/parallels/autograder/csci-366-fall2022/grading/scripts/repos/austin_coop/c/lmsm/googletest/lmsm.cpp:349: Failure
Expected equality of these values:
  the_machine->accumulator->value
    Which is: 22
  0
[  FAILED  ] lmsm_machine_suite.test_call_instruction_pushes_next_address_onto_stack (0 ms)
[ RUN      ] lmsm_machine_suite.test_return_instruction_returns_to_address_on_top_of_call_stack
/home/parallels/autograder/csci-366-fall2022/grading/scripts/repos/austin_coop/c/lmsm/googletest/lmsm.cpp:365: Failure
Expected equality of these values:
  the_machine->accumulator->value
    Which is: 22
  0
[  FAILED  ] lmsm_machine_suite.test_return_instruction_returns_to_address_on_top_of_call_stack (0 ms)
[ RUN      ] lmsm_machine_suite.step_steps_to_the_next_instruction_and_executes_current
/home/parallels/autograder/csci-366-fall2022/grading/scripts/repos/austin_coop/c/lmsm/googletest/lmsm.cpp:388: Failure
Expected equality of these values:
  the_machine->program_counter
    Which is: 0
  1
[  FAILED  ] lmsm_machine_suite.step_steps_to_the_next_instruction_and_executes_current (0 ms)
[ RUN      ] lmsm_machine_suite.step_does_not_step_to_the_next_instruction_and_execute_if_machine_is_halted
[       OK ] lmsm_machine_suite.step_does_not_step_to_the_next_instruction_and_execute_if_machine_is_halted (0 ms)
[----------] 39 tests from lmsm_machine_suite (1 ms total)

[----------] Global test environment tear-down
[==========] 39 tests from 1 test suite ran. (1 ms total)
[  PASSED  ] 5 tests.
[  FAILED  ] 34 tests, listed below:
[  FAILED  ] lmsm_machine_suite.test_add_instruction_properly_caps_values
[  FAILED  ] lmsm_machine_suite.test_sub_instruction_works
[  FAILED  ] lmsm_machine_suite.test_sub_instruction_properly_caps_values
[  FAILED  ] lmsm_machine_suite.test_store_instruction_works
[  FAILED  ] lmsm_machine_suite.test_load_instruction_works
[  FAILED  ] lmsm_machine_suite.test_branch_instruction_works
[  FAILED  ] lmsm_machine_suite.test_branch_if_zero_instruction_works_when_val_zero
[  FAILED  ] lmsm_machine_suite.test_branch_if_positive_instruction_works_when_val_zero
[  FAILED  ] lmsm_machine_suite.test_branch_if_positive_instruction_works_when_val_positive
[  FAILED  ] lmsm_machine_suite.test_output_instruction
[  FAILED  ] lmsm_machine_suite.test_halt_instruction
[  FAILED  ] lmsm_machine_suite.test_load_immediate_instruction
[  FAILED  ] lmsm_machine_suite.test_push_instruction
[  FAILED  ] lmsm_machine_suite.test_pop_instruction_removes_top_of_stack
[  FAILED  ] lmsm_machine_suite.test_pop_instruction_enters_error_state_if_nothing_to_pop
[  FAILED  ] lmsm_machine_suite.test_dup_instruction_duplicates_top_of_stack
[  FAILED  ] lmsm_machine_suite.test_sadd_instruction_adds_the_values_on_the_stack
[  FAILED  ] lmsm_machine_suite.test_sadd_instruction_properly_caps_values
[  FAILED  ] lmsm_machine_suite.test_sadd_instruction_enters_error_state_if_not_enough_elts
[  FAILED  ] lmsm_machine_suite.test_ssub_instruction_subtracts_the_values_on_the_stack
[  FAILED  ] lmsm_machine_suite.test_ssub_instruction_properly_caps_values
[  FAILED  ] lmsm_machine_suite.test_ssub_instruction_subtracts_the_values_on_the_stack_in_the_right_order
[  FAILED  ] lmsm_machine_suite.test_ssub_instruction_enters_error_state_if_not_enough_elts
[  FAILED  ] lmsm_machine_suite.test_smax_instruction_enters_error_state_if_not_enough_elts
[  FAILED  ] lmsm_machine_suite.test_smin_instruction_sets_min_val_on_stack
[  FAILED  ] lmsm_machine_suite.test_smin_instruction_enters_error_state_if_not_enough_elts
[  FAILED  ] lmsm_machine_suite.test_smul_instruction_multiplies_the_values_on_the_stack
[  FAILED  ] lmsm_machine_suite.test_smul_instruction_properly_caps_values
[  FAILED  ] lmsm_machine_suite.test_smul_instruction_enters_error_state_if_not_enough_elts
[  FAILED  ] lmsm_machine_suite.test_sdiv_instruction_divides_the_values_on_the_stack
[  FAILED  ] lmsm_machine_suite.test_sdiv_instruction_enters_error_state_if_not_enough_elts
[  FAILED  ] lmsm_machine_suite.test_call_instruction_pushes_next_address_onto_stack
[  FAILED  ] lmsm_machine_suite.test_return_instruction_returns_to_address_on_top_of_call_stack
[  FAILED  ] lmsm_machine_suite.step_steps_to_the_next_instruction_and_executes_current

34 FAILED TESTS
